<?xml version="1.0" encoding="UTF-8"?>
<testng-results skipped="0" failed="1" total="1" passed="0">
  <reporter-output>
  </reporter-output>
  <suite name="UsgbcTest" duration-ms="36585" started-at="2018-05-23T20:27:42Z" finished-at="2018-05-23T20:28:18Z">
    <groups>
    </groups>
    <test name="USGBC" duration-ms="36585" started-at="2018-05-23T20:27:42Z" finished-at="2018-05-23T20:28:18Z">
      <class name="com.dynamicUsgbc.testcases.SponsorEditVerify">
        <test-method status="PASS" signature="setup(java.lang.String, java.lang.String)[pri:0, instance:com.dynamicUsgbc.testcases.SponsorEditVerify@42dafa95]" name="setup" is-config="true" duration-ms="11825" started-at="2018-05-23T16:27:42Z" finished-at="2018-05-23T16:27:54Z">
          <params>
            <param index="0">
              <value>
                <![CDATA[firefox]]>
              </value>
            </param>
            <param index="1">
              <value>
                <![CDATA[staging]]>
              </value>
            </param>
          </params>
          <reporter-output>
          </reporter-output>
        </test-method> <!-- setup -->
        <test-method status="FAIL" signature="SponsorshipFlow(int, java.lang.String, java.lang.String, java.lang.String)[pri:0, instance:com.dynamicUsgbc.testcases.SponsorEditVerify@42dafa95]" name="SponsorshipFlow" duration-ms="23789" started-at="2018-05-23T16:27:54Z" finished-at="2018-05-23T16:28:17Z">
          <params>
            <param index="0">
              <value>
                <![CDATA[2]]>
              </value>
            </param>
            <param index="1">
              <value>
                <![CDATA[Sponsorship]]>
              </value>
            </param>
            <param index="2">
              <value>
                <![CDATA[Payment]]>
              </value>
            </param>
            <param index="3">
              <value>
                <![CDATA[SignIn]]>
              </value>
            </param>
          </params>
          <exception class="java.lang.AssertionError">
            <message>
              <![CDATA[Amount didn't matched expected [300.0] but found [VerifySponserAmount]]]>
            </message>
            <full-stacktrace>
              <![CDATA[java.lang.AssertionError: Amount didn't matched expected [300.0] but found [VerifySponserAmount]
	at org.testng.Assert.fail(Assert.java:94)
	at org.testng.Assert.failNotEquals(Assert.java:496)
	at org.testng.Assert.assertEquals(Assert.java:125)
	at org.testng.Assert.assertEquals(Assert.java:178)
	at com.dynamicUsgbc.driver.CommonMethod.assertEqualsMessage(CommonMethod.java:273)
	at com.dynamicUsgbc.testcases.SponsorEditVerify.SponsorshipFlow(SponsorEditVerify.java:78)
	at sun.reflect.NativeMethodAccessorImpl.invoke0(Native Method)
	at sun.reflect.NativeMethodAccessorImpl.invoke(Unknown Source)
	at sun.reflect.DelegatingMethodAccessorImpl.invoke(Unknown Source)
	at java.lang.reflect.Method.invoke(Unknown Source)
	at org.testng.internal.MethodInvocationHelper.invokeMethod(MethodInvocationHelper.java:85)
	at org.testng.internal.Invoker.invokeMethod(Invoker.java:639)
	at org.testng.internal.Invoker.invokeTestMethod(Invoker.java:816)
	at org.testng.internal.Invoker.invokeTestMethods(Invoker.java:1124)
	at org.testng.internal.TestMethodWorker.invokeTestMethods(TestMethodWorker.java:125)
	at org.testng.internal.TestMethodWorker.run(TestMethodWorker.java:108)
	at org.testng.TestRunner.privateRun(TestRunner.java:774)
	at org.testng.TestRunner.run(TestRunner.java:624)
	at org.testng.SuiteRunner.runTest(SuiteRunner.java:359)
	at org.testng.SuiteRunner.runSequentially(SuiteRunner.java:354)
	at org.testng.SuiteRunner.privateRun(SuiteRunner.java:312)
	at org.testng.SuiteRunner.run(SuiteRunner.java:261)
	at org.testng.SuiteRunnerWorker.runSuite(SuiteRunnerWorker.java:52)
	at org.testng.SuiteRunnerWorker.run(SuiteRunnerWorker.java:86)
	at org.testng.TestNG.runSuitesSequentially(TestNG.java:1191)
	at org.testng.TestNG.runSuitesLocally(TestNG.java:1116)
	at org.testng.TestNG.run(TestNG.java:1024)
	at org.testng.remote.AbstractRemoteTestNG.run(AbstractRemoteTestNG.java:114)
	at org.testng.remote.RemoteTestNG.initAndRun(RemoteTestNG.java:251)
	at org.testng.remote.RemoteTestNG.main(RemoteTestNG.java:77)
]]>
            </full-stacktrace>
          </exception> <!-- java.lang.AssertionError -->
          <reporter-output>
          </reporter-output>
        </test-method> <!-- SponsorshipFlow -->
        <test-method status="FAIL" signature="teardown(org.testng.ITestResult)[pri:0, instance:com.dynamicUsgbc.testcases.SponsorEditVerify@42dafa95]" name="teardown" is-config="true" duration-ms="0" started-at="2018-05-23T16:28:17Z" finished-at="2018-05-23T16:28:17Z">
          <params>
            <param index="0">
              <value>
                <![CDATA[[TestResult name=SponsorshipFlow status=FAILURE method=SponsorEditVerify.SponsorshipFlow(int, java.lang.String, java.lang.String, java.lang.String)[pri:0, instance:com.dynamicUsgbc.testcases.SponsorEditVerify@42dafa95] output={null}]]]>
              </value>
            </param>
          </params>
          <exception class="java.lang.NullPointerException">
            <full-stacktrace>
              <![CDATA[java.lang.NullPointerException
	at com.dynamicUsgbc.driver.BaseClass.teardown(BaseClass.java:189)
	at sun.reflect.NativeMethodAccessorImpl.invoke0(Native Method)
	at sun.reflect.NativeMethodAccessorImpl.invoke(Unknown Source)
	at sun.reflect.DelegatingMethodAccessorImpl.invoke(Unknown Source)
	at java.lang.reflect.Method.invoke(Unknown Source)
	at org.testng.internal.MethodInvocationHelper.invokeMethod(MethodInvocationHelper.java:85)
	at org.testng.internal.Invoker.invokeConfigurationMethod(Invoker.java:510)
	at org.testng.internal.Invoker.invokeConfigurations(Invoker.java:211)
	at org.testng.internal.Invoker.invokeMethod(Invoker.java:703)
	at org.testng.internal.Invoker.invokeTestMethod(Invoker.java:816)
	at org.testng.internal.Invoker.invokeTestMethods(Invoker.java:1124)
	at org.testng.internal.TestMethodWorker.invokeTestMethods(TestMethodWorker.java:125)
	at org.testng.internal.TestMethodWorker.run(TestMethodWorker.java:108)
	at org.testng.TestRunner.privateRun(TestRunner.java:774)
	at org.testng.TestRunner.run(TestRunner.java:624)
	at org.testng.SuiteRunner.runTest(SuiteRunner.java:359)
	at org.testng.SuiteRunner.runSequentially(SuiteRunner.java:354)
	at org.testng.SuiteRunner.privateRun(SuiteRunner.java:312)
	at org.testng.SuiteRunner.run(SuiteRunner.java:261)
	at org.testng.SuiteRunnerWorker.runSuite(SuiteRunnerWorker.java:52)
	at org.testng.SuiteRunnerWorker.run(SuiteRunnerWorker.java:86)
	at org.testng.TestNG.runSuitesSequentially(TestNG.java:1191)
	at org.testng.TestNG.runSuitesLocally(TestNG.java:1116)
	at org.testng.TestNG.run(TestNG.java:1024)
	at org.testng.remote.AbstractRemoteTestNG.run(AbstractRemoteTestNG.java:114)
	at org.testng.remote.RemoteTestNG.initAndRun(RemoteTestNG.java:251)
	at org.testng.remote.RemoteTestNG.main(RemoteTestNG.java:77)
]]>
            </full-stacktrace>
          </exception> <!-- java.lang.NullPointerException -->
          <reporter-output>
          </reporter-output>
        </test-method> <!-- teardown -->
        <test-method status="PASS" signature="end()[pri:0, instance:com.dynamicUsgbc.testcases.SponsorEditVerify@42dafa95]" name="end" is-config="true" duration-ms="912" started-at="2018-05-23T16:28:17Z" finished-at="2018-05-23T16:28:18Z">
          <reporter-output>
          </reporter-output>
        </test-method> <!-- end -->
      </class> <!-- com.dynamicUsgbc.testcases.SponsorEditVerify -->
    </test> <!-- USGBC -->
  </suite> <!-- UsgbcTest -->
</testng-results>
